<May 17, 2020 10:34:30 PM IRDT> <Error> <oracle.j2ee.security> <BEA-000000> <JAAS: Configuration file does not exist. Check your configuration settings.> 
<May 17, 2020 10:34:30 PM IRDT> <Error> <oracle.j2ee.security> <BEA-000000> <JAAS: Configuration file does not exist. Check your configuration settings.> 
<May 17, 2020 10:34:30 PM IRDT> <Warning> <oracle.adf.view.faces.webapp.AdfFacesFilterHelper> <BEA-000000> <AdfFacesContext had not been properly released on earlier request.> 
<May 17, 2020 10:34:30 PM IRDT> <Error> <oracle.j2ee.security> <BEA-000000> <JAAS: Configuration file does not exist. Check your configuration settings.> 
<May 17, 2020 10:34:37 PM IRDT> <Warning> <Socket> <BEA-000449> <Closing socket as no data read from it on 172.16.10.5:5,375 during the configured idle timeout of 5 secs> 
<May 17, 2020 10:34:37 PM IRDT> <Error> <oracle.j2ee.security> <BEA-000000> <JAAS: Configuration file does not exist. Check your configuration settings.> 
>>>[POOYACO]<<< ViewObjectName: HelperUserContext Elapsed time in milliseconds: 16
>>>[POOYACO]<<< ViewObjectName: HelperFinancialTransLocationByTypeAndOrgUId Elapsed time in milliseconds: 13
>>>[POOYACO]<<< ViewObjectName: HelperClearingPointByOrgUId Elapsed time in milliseconds: 9
>>>[POOYACO]<<< ViewObjectName: HelperGetWebTellerTerminal Elapsed time in milliseconds: 9
<May 17, 2020 10:34:38 PM IRDT> <Error> <oracle.j2ee.security> <BEA-000000> <JAAS: Configuration file does not exist. Check your configuration settings.> 
>>>[POOYACO]<<< ViewObjectName: HelperGrantedRoleAndPermissions Elapsed time in milliseconds: 18
----------->Lsitener Retuned
>>>[POOYACO]<<< ViewObjectName: ViewUserMessageView Elapsed time in milliseconds: 8
<May 17, 2020 10:34:38 PM IRDT> <Warning> <oracle.adf.view.faces.webapp.AdfFacesFilterHelper> <BEA-000000> <AdfFacesContext had not been properly released on earlier request.> 
<May 17, 2020 10:34:38 PM IRDT> <Error> <oracle.j2ee.security> <BEA-000000> <JAAS: Configuration file does not exist. Check your configuration settings.> 
<May 17, 2020 10:34:42 PM IRDT> <Error> <oracle.j2ee.security> <BEA-000000> <JAAS: Configuration file does not exist. Check your configuration settings.> 
Stored OutCome is ----->StartAccountingService
Exspression value is ----->StartAccountingService
<May 17, 2020 10:34:42 PM IRDT> <Warning> <oracle.adf.view.faces.webapp.AdfFacesFilterHelper> <BEA-000000> <AdfFacesContext had not been properly released on earlier request.> 
<May 17, 2020 10:34:42 PM IRDT> <Error> <oracle.j2ee.security> <BEA-000000> <JAAS: Configuration file does not exist. Check your configuration settings.> 
